<?xml version="1.0" encoding="UTF-8"?>
<!-- Generated by org.testng.reporters.JUnitReportReporter -->
<testsuite hostname="LAPTOP-ASHU60BH" failures="0" tests="1" name="com.nestle.framework.TestCases.TEST_M2FE_AccountCreation" time="46.840" errors="0" timestamp="2025-03-04T14:17:14 IST" skipped="0">
  <testcase classname="com.nestle.framework.TestCases.TEST_M2FE_AccountCreation" name="accountCreation_test" time="46.840"/>
  <system-out/>
</testsuite> <!-- com.nestle.framework.TestCases.TEST_M2FE_AccountCreation -->
