<?xml version="1.0" encoding="UTF-8"?>
<!-- Generated by org.testng.reporters.JUnitReportReporter -->
<testsuite hostname="LAPTOP-ASHU60BH" failures="0" tests="1" name="com.nestle.framework.Factory.TestBase" time="8.169" errors="0" timestamp="2025-03-01T20:30:23 IST" skipped="0">
  <testcase classname="com.nestle.framework.Factory.TestBase" name="test" time="8.169"/>
  <system-out/>
</testsuite> <!-- com.nestle.framework.Factory.TestBase -->
