<?xml version="1.0" encoding="UTF-8"?>
<!-- Generated by org.testng.reporters.JUnitReportReporter -->
<testsuite hostname="LAPTOP-ASHU60BH" failures="0" tests="1" name="com.nestle.framework.TestCases.Magento_Frontend_AccountCreation" time="14.324" errors="0" timestamp="2025-03-02T11:10:27 IST" skipped="0">
  <testcase classname="com.nestle.framework.TestCases.Magento_Frontend_AccountCreation" name="accountCreation" time="14.324"/>
  <system-out/>
</testsuite> <!-- com.nestle.framework.TestCases.Magento_Frontend_AccountCreation -->
